<?xml version="1.0" encoding="UTF-8"?>
<!-- Generated by org.testng.reporters.JUnitReportReporter -->
<testsuite hostname="Eltayar" failures="0" tests="1" name="tests.UserRegisterationPageTest" time="4.225" errors="0" timestamp="2023-11-25T23:32:18 EET" skipped="0">
  <testcase classname="tests.UserRegisterationPageTest" name="userCanRegisterSuccessfully" time="4.225"/>
</testsuite> <!-- tests.UserRegisterationPageTest -->
